186 1264
4 459
102 396
-200 1064
92 437
186 445
6 158
-249 1193
76 1389
-269 1547
-92 714
-178 1287
5 147
-2 840
139 623
26 87
73 1199
-29 65
-76 558
-27 107
-2 25
69 519
108 1527
44 413
53 676
57 784
-86 333
98 775
20 278
-73 535
268 1394
102 1251
-24 116
-108 1280
-42 1209
-27 126
-78 563
-123 846
-14 183
-154 1326
168 1083
-3 17
-18 192
70 186
-12 545
18 69
43 992
225 1229
-251 962
132 389
23 1474
59 158
97 899
98 411
-8 38
132 1265
-7 639
160 442
-20 440
239 886
-188 1190
-87 631
-37 553
-58 323
-113 1332
31 905
55 139
-51 431
-53 636
-188 1257
148 1160
14 69
49 700
-9 1294
219 679
-22 102
122 1510
32 1218
66 748
26 329
32 657
-4 487
-12 1501
26 1307
24 447
-243 1002
33 504
-186 1000
-32 258
124 1070
-38 689
-60 1468
-208 975
-66 509
-1 518
-228 757
0 420
211 1340
-42 520
-54 154
47 168
93 1589
88 533
15 595
-13 1297
-110 917
194 641
-292 985
-42 1303
131 338
2 232
-88 836
135 1529
92 344
-60 540
222 1223
29 316
-129 1371
-74 817
-104 596
35 1288
-21 312
134 942
8 63
156 607
8 738
-148 1246
173 1113
-34 589
-112 1113
102 279
-34 188
-25 88
81 1562
-136 844
259 1037
240 674
-19 257
-69 743
2 1143
-22 157
-68 389
-160 1297
-7 1087
11 68
-12 1020
-43 326
124 1125
-197 1167
59 1365
-92 352
-29 672
9 467
-71 271
75 259
4 559
140 1338
-17 940
35 755
-361 1202
4 913
63 1103
259 1395
149 735
-36 269
-83 561
46 928
-77 1204
1 337
161 1442
30 727
192 587
-40 1007
29 689
-190 1042
-51 750
147 927
95 313
-80 305
44 582
-97 1412
-65 542
-111 1411
-79 435
98 566
29 1524
-204 1625
-87 576
74 1346
52 312
36 207
-16 477
-56 798
21 522
-142 735
86 587
-56 1448
-128 1214
38 335
34 269
55 166
-54 1118
12 349
11 700
-61 1321
2 17
76 248
6 236
-59 306
12 431
-76 1312
-90 969
62 325
-10 1323
253 1465
-178 936
-25 383
-41 283
0 1091
-211 828
-79 266
194 866
-35 252
-23 1229
185 716
57 722
-155 1302
-117 962
-43 518
-167 1069
0 1013
-15 735
124 966
220 1405
-7 1102
26 1045
66 1343
-179 1339
77 516
105 617
169 520
-94 1441
92 1311
-42 1048
-94 768
135 1182
-44 539
98 1092
-40 314
122 621
-159 1089
-256 1333
-135 811
20 662
231 1327
-51 225
273 948
6 48
-61 469
383 1268
-27 118
-246 1133
42 539
208 997
87 743
102 379
-145 1070
-117 1302
168 1193
157 1389
-13 294
-5 24
-124 460
57 770
-154 1142
-158 900
28 353
-52 649
-57 385
58 1213
-10 1321
-269 1340
69 1276
-109 628
-19 719
47 437
7 169
-230 674
-75 584
83 248
-55 542
83 689
109 1317
247 1124
-281 1129
32 1378
80 846
-3 694
172 972
8 1125
161 839
-14 419
22 201
-150 341
-76 1107
-191 1280
142 1400
198 635
-182 1003
161 761
-68 656
-70 251
135 626
-20 1189
91 595
1 100
-203 652
-50 866
148 1076
-140 1369
216 1315
24 468
-48 186
0 52
-69 643
-209 1277
129 612
18 56
-108 1083
71 842
64 217
-2 1248
14 850
-26 820
-88 1363
-63 772
104 554
-42 474
3 322
101 782
-17 85
-41 1120
18 206
133 511
-66 786
91 939
15 53
-54 269
15 869
-69 827
-113 516
-108 1048
-37 1167
57 143
24 328
-154 772
46 193
-266 1191
-81 1584
50 1222
340 1248
119 850
84 250
-211 1376
67 409
12 1001
-219 1258
184 663
-53 1000
-104 386
-199 486
-48 1075
235 912
22 462
58 623
35 99
-7 212
-97 675
32 1342
-102 765
-35 242
42 1240
18 138
-103 717
-224 1313
26 484
56 969
-253 1110
-146 1320
-130 1322
149 620
-54 843
-56 909
-112 918
34 313
-23 292
62 546
-60 848
2 1306
-215 1126
-70 926
71 786
23 109
-143 1430
-267 1382
-24 830
31 133
299 1337
27 273
54 297
45 847
-32 1002
-105 1358
-53 539
52 849
-222 1510
2 857
150 921
77 973
-251 1378
213 688
-110 346
-91 1219
-85 1511
291 953
-47 844
-6 146
6 1399
108 796
37 207
-17 388
320 1385
4 424
98 1252
-127 864
102 1004
158 1366
98 1171
118 358
-1 52
-9 806
123 556
-8 315
65 707
19 728
-107 368
9 233
-95 1229
-66 1178
-31 335
-50 349
-202 995
-5 425
-32 807
-121 477
51 1483
18 743
200 1386
1 1001
116 990
-83 812
29 1449
-49 893
-73 1112
-44 130
-217 1211
166 815
-51 881
120 1227
287 1435
409 1418
-18 727
111 449
70 623
-61 1485
-42 873
-262 1320
-8 700
33 642
-19 110
-128 713
-13 123
118 607
-97 364
-173 1247
26 1045
5 110
110 502
-1 1088
-85 792
-31 1026
-18 618
-120 505
15 168
-114 613
-57 444
-13 54
-149 1166
-67 765
-78 412
